<?xml version="1.0" encoding="UTF-8"?>
<testng-results ignored="0" total="1" passed="1" failed="0" skipped="0">
  <reporter-output>
  </reporter-output>
  <suite started-at="2021-07-14T17:08:31 AST" name="Default suite" finished-at="2021-07-14T17:09:26 AST" duration-ms="54357">
    <groups>
    </groups>
    <test started-at="2021-07-14T17:08:31 AST" name="Default test" finished-at="2021-07-14T17:09:26 AST" duration-ms="54357">
      <class name="Automation.testcases.GBHWebTest">
        <test-method is-config="true" signature="setUp()[pri:0, instance:Automation.testcases.GBHWebTest@4af0df05]" started-at="2021-07-14T17:08:32 AST" name="setUp" finished-at="2021-07-14T17:08:39 AST" duration-ms="7355" status="PASS">
          <reporter-output>
          </reporter-output>
        </test-method> <!-- setUp -->
        <test-method signature="clickOnTabs()[pri:0, instance:Automation.testcases.GBHWebTest@4af0df05]" started-at="2021-07-14T17:08:39 AST" name="clickOnTabs" finished-at="2021-07-14T17:09:25 AST" duration-ms="45847" status="PASS">
          <reporter-output>
          </reporter-output>
        </test-method> <!-- clickOnTabs -->
        <test-method is-config="true" signature="teardown()[pri:0, instance:Automation.testcases.GBHWebTest@4af0df05]" started-at="2021-07-14T17:09:25 AST" name="teardown" finished-at="2021-07-14T17:09:26 AST" duration-ms="1137" status="PASS">
          <reporter-output>
          </reporter-output>
        </test-method> <!-- teardown -->
      </class> <!-- Automation.testcases.GBHWebTest -->
    </test> <!-- Default test -->
  </suite> <!-- Default suite -->
</testng-results>
